<?xml version="1.0" encoding="UTF-8"?>
<!-- Generated by org.testng.reporters.JUnitXMLReporter -->
<testsuite hostname="Mahesh77" ignored="0" name="Default test" tests="8" failures="0" timestamp="16 Apr 2020 05:35:01 GMT" time="0.046" errors="0">
  <testcase name="@BeforeClass setUP" time="0.0" classname="com.HRM.TestCases.BaseClass">
    <failure type="org.testng.TestNGException" message="
Parameter &amp;apos;browser&amp;apos; is required by BeforeClass on method setUP but has not been marked @Optional or defined
in C:\Users\sw138\AppData\Local\Temp\testng-eclipse-866269722\testng-customsuite.xml">
      <![CDATA[org.testng.TestNGException: 
Parameter 'browser' is required by BeforeClass on method setUP but has not been marked @Optional or defined
in C:\Users\sw138\AppData\Local\Temp\testng-eclipse-866269722\testng-customsuite.xml
at org.testng.internal.Parameters.createParams(Parameters.java:290)
at org.testng.internal.Parameters.createParametersForMethod(Parameters.java:359)
at org.testng.internal.Parameters.createParameters(Parameters.java:620)
at org.testng.internal.Parameters.createConfigurationParameters(Parameters.java:190)
at org.testng.internal.Invoker.invokeConfigurations(Invoker.java:209)
at org.testng.internal.Invoker.invokeConfigurations(Invoker.java:142)
at org.testng.internal.TestMethodWorker.invokeBeforeClassMethods(TestMethodWorker.java:168)
at org.testng.internal.TestMethodWorker.run(TestMethodWorker.java:105)
at org.testng.TestRunner.privateRun(TestRunner.java:648)
at org.testng.TestRunner.run(TestRunner.java:505)
at org.testng.SuiteRunner.runTest(SuiteRunner.java:455)
at org.testng.SuiteRunner.runSequentially(SuiteRunner.java:450)
at org.testng.SuiteRunner.privateRun(SuiteRunner.java:415)
at org.testng.SuiteRunner.run(SuiteRunner.java:364)
at org.testng.SuiteRunnerWorker.runSuite(SuiteRunnerWorker.java:52)
at org.testng.SuiteRunnerWorker.run(SuiteRunnerWorker.java:84)
at org.testng.TestNG.runSuitesSequentially(TestNG.java:1208)
at org.testng.TestNG.runSuitesLocally(TestNG.java:1137)
at org.testng.TestNG.runSuites(TestNG.java:1049)
at org.testng.TestNG.run(TestNG.java:1017)
at org.testng.remote.AbstractRemoteTestNG.run(AbstractRemoteTestNG.java:132)
at org.testng.remote.RemoteTestNG.initAndRun(RemoteTestNG.java:236)
at org.testng.remote.RemoteTestNG.main(RemoteTestNG.java:81)
]]>
    </failure>
  </testcase> <!-- @BeforeClass setUP -->
  <testcase name="@AfterClass tearDown" time="0.0" classname="com.HRM.TestCases.BaseClass">
    <skipped/>
  </testcase> <!-- @AfterClass tearDown -->
  <testcase name="loginTest" time="0.0" classname="com.HRM.TestCases.Final_TestCase_Run">
    <skipped/>
  </testcase> <!-- loginTest -->
  <testcase name="checkLoginHours" time="0.0" classname="com.HRM.TestCases.Final_TestCase_Run">
    <skipped/>
  </testcase> <!-- checkLoginHours -->
  <testcase name="checkPersonalDetails" time="0.0" classname="com.HRM.TestCases.Final_TestCase_Run">
    <skipped/>
  </testcase> <!-- checkPersonalDetails -->
  <testcase name="applyLeave" time="0.0" classname="com.HRM.TestCases.Final_TestCase_Run">
    <skipped/>
  </testcase> <!-- applyLeave -->
  <testcase name="GenerateRequest" time="0.0" classname="com.HRM.TestCases.Final_TestCase_Run">
    <skipped/>
  </testcase> <!-- GenerateRequest -->
  <testcase name="traningSummary" time="0.0" classname="com.HRM.TestCases.Final_TestCase_Run">
    <skipped/>
  </testcase> <!-- traningSummary -->
  <testcase name="changePassword" time="0.0" classname="com.HRM.TestCases.Final_TestCase_Run">
    <skipped/>
  </testcase> <!-- changePassword -->
  <testcase name="leaveDetails" time="0.0" classname="com.HRM.TestCases.Final_TestCase_Run">
    <skipped/>
  </testcase> <!-- leaveDetails -->
</testsuite> <!-- Default test -->
